<?xml version="1.0" encoding="UTF-8"?>
<testng-results skipped="0" failed="0" ignored="0" total="1" passed="1">
  <reporter-output>
  </reporter-output>
  <suite name="Default suite" duration-ms="43601" started-at="2021-06-12T18:00:33 IST" finished-at="2021-06-12T18:01:17 IST">
    <groups>
    </groups>
    <test name="Default test" duration-ms="43601" started-at="2021-06-12T18:00:33 IST" finished-at="2021-06-12T18:01:17 IST">
      <class name="com.mifinity.Assessment.SignupTest">
        <test-method status="PASS" signature="beforeSuite()[pri:0, instance:com.mifinity.Assessment.SignupTest@4b1c1ea0]" name="beforeSuite" is-config="true" duration-ms="118" started-at="2021-06-12T18:00:33 IST" finished-at="2021-06-12T18:00:33 IST">
          <reporter-output>
          </reporter-output>
        </test-method> <!-- beforeSuite -->
        <test-method status="PASS" signature="setUp()[pri:0, instance:com.mifinity.Assessment.SignupTest@4b1c1ea0]" name="setUp" is-config="true" duration-ms="13946" started-at="2021-06-12T18:00:33 IST" finished-at="2021-06-12T18:00:47 IST">
          <reporter-output>
          </reporter-output>
        </test-method> <!-- setUp -->
        <test-method status="PASS" signature="signup()[pri:0, instance:com.mifinity.Assessment.SignupTest@4b1c1ea0]" name="signup" duration-ms="29617" started-at="2021-06-12T18:00:47 IST" finished-at="2021-06-12T18:01:17 IST">
          <reporter-output>
          </reporter-output>
        </test-method> <!-- signup -->
        <test-method status="PASS" signature="beforeSuite()[pri:0, instance:com.mifinity.Assessment.SignupTest@4b1c1ea0]" name="beforeSuite" is-config="true" duration-ms="8" started-at="2021-06-12T18:01:17 IST" finished-at="2021-06-12T18:01:17 IST">
          <reporter-output>
          </reporter-output>
        </test-method> <!-- beforeSuite -->
        <test-method status="PASS" signature="afterSuite()[pri:0, instance:com.mifinity.Assessment.SignupTest@4b1c1ea0]" name="afterSuite" is-config="true" duration-ms="805" started-at="2021-06-12T18:01:17 IST" finished-at="2021-06-12T18:01:17 IST">
          <reporter-output>
          </reporter-output>
        </test-method> <!-- afterSuite -->
      </class> <!-- com.mifinity.Assessment.SignupTest -->
    </test> <!-- Default test -->
  </suite> <!-- Default suite -->
</testng-results>
